<?xml version="1.0" encoding="UTF-8"?>
<testsuite name="com.kodilla.stream.wolrd.WorldTestSuite" tests="1" skipped="0" failures="0" errors="0" timestamp="2018-10-17T19:25:02" hostname="DESKTOP-CNFIKEE" time="0.003">
  <properties/>
  <testcase name="testGetPeopleQuantity" classname="com.kodilla.stream.wolrd.WorldTestSuite" time="0.003"/>
  <system-out><![CDATA[]]></system-out>
  <system-err><![CDATA[]]></system-err>
</testsuite>
