<?xml version="1.0" encoding="UTF-8"?>
<testsuite name="com.kodilla.stream.array.ArrayOperationsTestSuite" tests="1" skipped="0" failures="0" errors="0" timestamp="2018-08-16T08:43:54" hostname="DESKTOP-CNFIKEE" time="0.02">
  <properties/>
  <testcase name="testGetAverage" classname="com.kodilla.stream.array.ArrayOperationsTestSuite" time="0.02"/>
  <system-out><![CDATA[1
2
3
7
8
9
12
15
16
21
27
28
31
35
42
75
79
81
82
95
33.45
]]></system-out>
  <system-err><![CDATA[]]></system-err>
</testsuite>
