<?xml version="1.0" encoding="UTF-8"?>
<testsuite name="com.kodilla.testing.forum.statistics.CalculatedStatisticsTestSuite" tests="7" skipped="0" failures="0" errors="0" timestamp="2018-08-16T08:43:55" hostname="DESKTOP-CNFIKEE" time="0.974">
  <properties/>
  <testcase name="testCalculateAdvStatisticsWithMockInCaseOfMoreCommentsThanPosts" classname="com.kodilla.testing.forum.statistics.CalculatedStatisticsTestSuite" time="0.967"/>
  <testcase name="testCalculateAdvStatisticsWithMockInCaseOfZeroPosts" classname="com.kodilla.testing.forum.statistics.CalculatedStatisticsTestSuite" time="0.0"/>
  <testcase name="testCalculateAdvStatisticsWithMockInCaseOfZeroUsers" classname="com.kodilla.testing.forum.statistics.CalculatedStatisticsTestSuite" time="0.001"/>
  <testcase name="testCalculateAdvStatisticsWithMockInCaseOfZeroComments" classname="com.kodilla.testing.forum.statistics.CalculatedStatisticsTestSuite" time="0.001"/>
  <testcase name="testCalculateAdvStatisticsWithMockInCaseOfThousandPosts" classname="com.kodilla.testing.forum.statistics.CalculatedStatisticsTestSuite" time="0.0"/>
  <testcase name="testCalculateAdvStatisticsWithMockInCaseOfLessCommentsThanPosts" classname="com.kodilla.testing.forum.statistics.CalculatedStatisticsTestSuite" time="0.0"/>
  <testcase name="testCalculateAdvStatisticsWithMockInCaseOfHundredUsers" classname="com.kodilla.testing.forum.statistics.CalculatedStatisticsTestSuite" time="0.001"/>
  <system-out><![CDATA[]]></system-out>
  <system-err><![CDATA[]]></system-err>
</testsuite>
