<?xml version="1.0" encoding="UTF-8"?>
<testsuite name="com.kodilla.testing.library.BookDirectoryTestSuite" tests="6" skipped="0" failures="0" errors="0" timestamp="2018-06-29T17:19:52" hostname="DESKTOP-CNFIKEE" time="0.057">
  <properties/>
  <testcase name="testListBooksInHandsOfReturnListInCaseOfOneBook" classname="com.kodilla.testing.library.BookDirectoryTestSuite" time="0.047"/>
  <testcase name="testListBooksWithConditionFragmentShorterThan3" classname="com.kodilla.testing.library.BookDirectoryTestSuite" time="0.007"/>
  <testcase name="testListBooksWithConditionsReturnList" classname="com.kodilla.testing.library.BookDirectoryTestSuite" time="0.0"/>
  <testcase name="testListBookWithConditionMoreThan20" classname="com.kodilla.testing.library.BookDirectoryTestSuite" time="0.0"/>
  <testcase name="testListBooksInHandsOfReturnListInCaseOfZeroBooks" classname="com.kodilla.testing.library.BookDirectoryTestSuite" time="0.001"/>
  <testcase name="testlistBooksInHandsOfReturnListInCaseOfFiveBooks" classname="com.kodilla.testing.library.BookDirectoryTestSuite" time="0.0"/>
  <system-out><![CDATA[]]></system-out>
  <system-err><![CDATA[]]></system-err>
</testsuite>
